[debug] [2022-12-15T22:39:37.489Z] ----------------------------------------------------------------------
[debug] [2022-12-15T22:39:37.491Z] Command:       /home/andreea/.nvm/versions/node/v16.10.0/bin/node /home/andreea/.nvm/versions/node/v16.10.0/bin/firebase init hosting
[debug] [2022-12-15T22:39:37.491Z] CLI Version:   11.17.0
[debug] [2022-12-15T22:39:37.491Z] Platform:      linux
[debug] [2022-12-15T22:39:37.491Z] Node Version:  v16.10.0
[debug] [2022-12-15T22:39:37.492Z] Time:          Fri Dec 16 2022 00:39:37 GMT+0200 (Eastern European Standard Time)
[debug] [2022-12-15T22:39:37.492Z] ----------------------------------------------------------------------
[debug] 
[debug] [2022-12-15T22:39:37.496Z] > command requires scopes: ["email","openid","https://www.googleapis.com/auth/cloudplatformprojects.readonly","https://www.googleapis.com/auth/firebase","https://www.googleapis.com/auth/cloud-platform"]
[debug] [2022-12-15T22:39:37.497Z] > authorizing via signed-in user (adianagherghescu@gmail.com)
[info] 
     ######## #### ########  ######## ########     ###     ######  ########
     ##        ##  ##     ## ##       ##     ##  ##   ##  ##       ##
     ######    ##  ########  ######   ########  #########  ######  ######
     ##        ##  ##    ##  ##       ##     ## ##     ##       ## ##
     ##       #### ##     ## ######## ########  ##     ##  ######  ########

You're about to initialize a Firebase project in this directory:

  /home/andreea/proiect-inginerie-software-blonde-bears

[info] 
=== Project Setup
[info] 
[info] First, let's associate this project directory with a Firebase project.
[info] You can create multiple project aliases by running firebase use --add, 
[info] but for now we'll just set up a default project.
[info] 
[info] i  If you want to create a project in a Google Cloud organization or folder, please use "firebase projects:create" instead, and return to this command when you've created the project. 
[debug] [2022-12-15T22:40:14.603Z] ----------------------------------------------------------------------
[debug] [2022-12-15T22:40:14.605Z] Command:       /home/andreea/.nvm/versions/node/v16.10.0/bin/node /home/andreea/.nvm/versions/node/v16.10.0/bin/firebase init hosting
[debug] [2022-12-15T22:40:14.605Z] CLI Version:   11.17.0
[debug] [2022-12-15T22:40:14.605Z] Platform:      linux
[debug] [2022-12-15T22:40:14.605Z] Node Version:  v16.10.0
[debug] [2022-12-15T22:40:14.606Z] Time:          Fri Dec 16 2022 00:40:14 GMT+0200 (Eastern European Standard Time)
[debug] [2022-12-15T22:40:14.606Z] ----------------------------------------------------------------------
[debug] 
[debug] [2022-12-15T22:40:14.610Z] > command requires scopes: ["email","openid","https://www.googleapis.com/auth/cloudplatformprojects.readonly","https://www.googleapis.com/auth/firebase","https://www.googleapis.com/auth/cloud-platform"]
[debug] [2022-12-15T22:40:14.610Z] > authorizing via signed-in user (adianagherghescu@gmail.com)
[info] 
     ######## #### ########  ######## ########     ###     ######  ########
     ##        ##  ##     ## ##       ##     ##  ##   ##  ##       ##
     ######    ##  ########  ######   ########  #########  ######  ######
     ##        ##  ##    ##  ##       ##     ## ##     ##       ## ##
     ##       #### ##     ## ######## ########  ##     ##  ######  ########

You're about to initialize a Firebase project in this directory:

  /home/andreea/proiect-inginerie-software-blonde-bears

[info] 
=== Project Setup
[info] 
[info] First, let's associate this project directory with a Firebase project.
[info] You can create multiple project aliases by running firebase use --add, 
[info] but for now we'll just set up a default project.
[info] 
[debug] [2022-12-15T22:40:20.502Z] >>> [apiv2][query] GET https://firebase.googleapis.com/v1beta1/projects pageSize=100
[debug] [2022-12-15T22:40:21.074Z] <<< [apiv2][status] GET https://firebase.googleapis.com/v1beta1/projects 200
[debug] [2022-12-15T22:40:21.075Z] <<< [apiv2][body] GET https://firebase.googleapis.com/v1beta1/projects [omitted]
[info] i  Using project coffee-in-b7cda (Coffee-In) 
[info] 
=== Hosting Setup
[info] 
[info] Your public directory is the folder (relative to your project directory) that
[info] will contain Hosting assets to be uploaded with firebase deploy. If you
[info] have a build process for your assets, use your build's output directory.
[info] 
[debug] [2022-12-15T22:41:24.779Z] >>> [apiv2][query] GET https://www.gstatic.com/firebasejs/releases.json [none]
[debug] [2022-12-15T22:41:24.884Z] <<< [apiv2][status] GET https://www.gstatic.com/firebasejs/releases.json 200
[debug] [2022-12-15T22:41:24.885Z] <<< [apiv2][body] GET https://www.gstatic.com/firebasejs/releases.json {"current":{"version":"9.15.0","browserURL":"https://www.gstatic.com/firebasejs/9.15.0/firebase.js","packageURL":"https://www.gstatic.com/firebasejs/9.15.0/firebase.tgz"},"live":{"version":"9.15","browserURL":"https://www.gstatic.com/firebasejs/live/9.15/firebase.js","packageURL":"https://www.gstatic.com/firebasejs/live/9.15/firebase.tgz"},"components":{"analytics":"https://www.gstatic.com/firebasejs/9.15.0/firebase-analytics.js","app":"https://www.gstatic.com/firebasejs/9.15.0/firebase-app.js","app-check":"https://www.gstatic.com/firebasejs/9.15.0/firebase-app-check.js","auth":"https://www.gstatic.com/firebasejs/9.15.0/firebase-auth.js","auth/cordova":"https://www.gstatic.com/firebasejs/9.15.0/firebase-auth/cordova.js","auth/react-native":"https://www.gstatic.com/firebasejs/9.15.0/firebase-auth/react-native.js","functions":"https://www.gstatic.com/firebasejs/9.15.0/firebase-functions.js","firestore":"https://www.gstatic.com/firebasejs/9.15.0/firebase-firestore.js","firestore/lite":"https://www.gstatic.com/firebasejs/9.15.0/firebase-firestore/lite.js","installations":"https://www.gstatic.com/firebasejs/9.15.0/firebase-installations.js","storage":"https://www.gstatic.com/firebasejs/9.15.0/firebase-storage.js","performance":"https://www.gstatic.com/firebasejs/9.15.0/firebase-performance.js","remote-config":"https://www.gstatic.com/firebasejs/9.15.0/firebase-remote-config.js","messaging":"https://www.gstatic.com/firebasejs/9.15.0/firebase-messaging.js","messaging/sw":"https://www.gstatic.com/firebasejs/9.15.0/firebase-messaging/sw.js","database":"https://www.gstatic.com/firebasejs/9.15.0/firebase-database.js","firestore.memory":"https://www.gstatic.com/firebasejs/9.15.0/firebase-firestore.memory.js"}}
[info] ✔  Wrote public/index.html 
[info] 
[info] i  Detected a .git folder at /home/andreea/proiect-inginerie-software-blonde-bears 
[info] i  Authorizing with GitHub to upload your service account to a GitHub repository's secrets store. 
[info] 
[info] Visit this URL on this device to log in:
[info] https://github.com/login/oauth/authorize?client_id=89cf50f02ac6aaed3484&state=316129229&redirect_uri=http%3A%2F%2Flocalhost%3A9005&scope=read%3Auser%20repo%20public_repo
[info] 
[info] Waiting for authentication...
[debug] [2022-12-15T22:42:07.147Z] >>> [apiv2][query] POST https://github.com/login/oauth/access_token [none]
[debug] [2022-12-15T22:42:07.147Z] >>> [apiv2][body] POST https://github.com/login/oauth/access_token [stream]
[debug] [2022-12-15T22:42:07.600Z] <<< [apiv2][status] POST https://github.com/login/oauth/access_token 200
[debug] [2022-12-15T22:42:07.600Z] <<< [apiv2][body] POST https://github.com/login/oauth/access_token {"access_token":"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","token_type":"bearer","scope":"read:user,repo"}
[debug] [2022-12-15T22:42:07.611Z] >>> [apiv2][query] GET https://api.github.com/user [none]
[debug] [2022-12-15T22:42:07.926Z] <<< [apiv2][status] GET https://api.github.com/user 200
[debug] [2022-12-15T22:42:07.926Z] <<< [apiv2][body] GET https://api.github.com/user {"login":"AndreeaGherghescu","id":79978777,"node_id":"MDQ6VXNlcjc5OTc4Nzc3","avatar_url":"https://avatars.githubusercontent.com/u/79978777?v=4","gravatar_id":"","url":"https://api.github.com/users/AndreeaGherghescu","html_url":"https://github.com/AndreeaGherghescu","followers_url":"https://api.github.com/users/AndreeaGherghescu/followers","following_url":"https://api.github.com/users/AndreeaGherghescu/following{/other_user}","gists_url":"https://api.github.com/users/AndreeaGherghescu/gists{/gist_id}","starred_url":"https://api.github.com/users/AndreeaGherghescu/starred{/owner}{/repo}","subscriptions_url":"https://api.github.com/users/AndreeaGherghescu/subscriptions","organizations_url":"https://api.github.com/users/AndreeaGherghescu/orgs","repos_url":"https://api.github.com/users/AndreeaGherghescu/repos","events_url":"https://api.github.com/users/AndreeaGherghescu/events{/privacy}","received_events_url":"https://api.github.com/users/AndreeaGherghescu/received_events","type":"User","site_admin":false,"name":null,"company":null,"blog":"","location":null,"email":null,"hireable":null,"bio":null,"twitter_username":null,"public_repos":3,"public_gists":0,"followers":6,"following":2,"created_at":"2021-03-03T11:52:19Z","updated_at":"2022-11-29T20:33:57Z","private_gists":0,"total_private_repos":1,"owned_private_repos":1,"disk_usage":1064,"collaborators":0,"two_factor_authentication":false,"plan":{"name":"free","space":976562499,"collaborators":0,"private_repos":10000}}
[info] 
[info] ✔  Success! Logged into GitHub as AndreeaGherghescu 
[info] 
[debug] [2022-12-15T22:42:23.119Z] >>> [apiv2][query] GET https://api.github.com/repos/inginerie-software-22-23/proiect-inginerie-software-blonde-bears/actions/secrets/public-key type=owner
[debug] [2022-12-15T22:42:23.433Z] <<< [apiv2][status] GET https://api.github.com/repos/inginerie-software-22-23/proiect-inginerie-software-blonde-bears/actions/secrets/public-key 404
[debug] [2022-12-15T22:42:23.433Z] <<< [apiv2][body] GET https://api.github.com/repos/inginerie-software-22-23/proiect-inginerie-software-blonde-bears/actions/secrets/public-key {"message":"Not Found","documentation_url":"https://docs.github.com/rest/reference/actions#get-a-repository-public-key"}
[debug] [2022-12-15T22:42:32.642Z] >>> [apiv2][query] GET https://api.github.com/repos/inginerie-software-22-23/proiect-inginerie-software-blonde-bears/actions/secrets/public-key type=owner
[debug] [2022-12-15T22:42:32.956Z] <<< [apiv2][status] GET https://api.github.com/repos/inginerie-software-22-23/proiect-inginerie-software-blonde-bears/actions/secrets/public-key 404
[debug] [2022-12-15T22:42:32.956Z] <<< [apiv2][body] GET https://api.github.com/repos/inginerie-software-22-23/proiect-inginerie-software-blonde-bears/actions/secrets/public-key {"message":"Not Found","documentation_url":"https://docs.github.com/rest/reference/actions#get-a-repository-public-key"}
[debug] [2022-12-15T22:42:34.041Z] >>> [apiv2][query] GET https://api.github.com/repos/inginerie-software-22-23/proiect-inginerie-software-blonde-bears/actions/secrets/public-key type=owner
[debug] [2022-12-15T22:42:34.390Z] <<< [apiv2][status] GET https://api.github.com/repos/inginerie-software-22-23/proiect-inginerie-software-blonde-bears/actions/secrets/public-key 404
[debug] [2022-12-15T22:42:34.391Z] <<< [apiv2][body] GET https://api.github.com/repos/inginerie-software-22-23/proiect-inginerie-software-blonde-bears/actions/secrets/public-key {"message":"Not Found","documentation_url":"https://docs.github.com/rest/reference/actions#get-a-repository-public-key"}
[debug] [2022-12-15T22:42:42.126Z] >>> [apiv2][query] GET https://api.github.com/repos/inginerie-software-22-23/proiect-inginerie-software-blonde-bears/actions/secrets/public-key type=owner
[debug] [2022-12-15T22:42:42.480Z] <<< [apiv2][status] GET https://api.github.com/repos/inginerie-software-22-23/proiect-inginerie-software-blonde-bears/actions/secrets/public-key 404
[debug] [2022-12-15T22:42:42.480Z] <<< [apiv2][body] GET https://api.github.com/repos/inginerie-software-22-23/proiect-inginerie-software-blonde-bears/actions/secrets/public-key {"message":"Not Found","documentation_url":"https://docs.github.com/rest/reference/actions#get-a-repository-public-key"}
[debug] [2022-12-15T22:42:43.273Z] >>> [apiv2][query] GET https://api.github.com/repos/inginerie-software-22-23/proiect-inginerie-software-blonde-bears/actions/secrets/public-key type=owner
[debug] [2022-12-15T22:42:43.606Z] <<< [apiv2][status] GET https://api.github.com/repos/inginerie-software-22-23/proiect-inginerie-software-blonde-bears/actions/secrets/public-key 404
[debug] [2022-12-15T22:42:43.607Z] <<< [apiv2][body] GET https://api.github.com/repos/inginerie-software-22-23/proiect-inginerie-software-blonde-bears/actions/secrets/public-key {"message":"Not Found","documentation_url":"https://docs.github.com/rest/reference/actions#get-a-repository-public-key"}
[debug] [2022-12-15T22:43:24.439Z] >>> [apiv2][query] GET https://api.github.com/repos/inginerie-software-22-23/proiect-inginerie-software-blonde-bears/actions/secrets/public-key type=owner
[debug] [2022-12-15T22:43:24.772Z] <<< [apiv2][status] GET https://api.github.com/repos/inginerie-software-22-23/proiect-inginerie-software-blonde-bears/actions/secrets/public-key 404
[debug] [2022-12-15T22:43:24.772Z] <<< [apiv2][body] GET https://api.github.com/repos/inginerie-software-22-23/proiect-inginerie-software-blonde-bears/actions/secrets/public-key {"message":"Not Found","documentation_url":"https://docs.github.com/rest/reference/actions#get-a-repository-public-key"}
[debug] [2022-12-15T22:43:28.315Z] >>> [apiv2][query] GET https://api.github.com/repos/inginerie-software-22-23/proiect-inginerie-software-blonde-bears/actions/secrets/public-key type=owner
[debug] [2022-12-15T22:43:28.663Z] <<< [apiv2][status] GET https://api.github.com/repos/inginerie-software-22-23/proiect-inginerie-software-blonde-bears/actions/secrets/public-key 404
[debug] [2022-12-15T22:43:28.663Z] <<< [apiv2][body] GET https://api.github.com/repos/inginerie-software-22-23/proiect-inginerie-software-blonde-bears/actions/secrets/public-key {"message":"Not Found","documentation_url":"https://docs.github.com/rest/reference/actions#get-a-repository-public-key"}
[debug] [2022-12-15T22:43:29.614Z] >>> [apiv2][query] GET https://api.github.com/repos/inginerie-software-22-23/proiect-inginerie-software-blonde-bears/actions/secrets/public-key type=owner
[debug] [2022-12-15T22:43:29.994Z] <<< [apiv2][status] GET https://api.github.com/repos/inginerie-software-22-23/proiect-inginerie-software-blonde-bears/actions/secrets/public-key 404
[debug] [2022-12-15T22:43:29.994Z] <<< [apiv2][body] GET https://api.github.com/repos/inginerie-software-22-23/proiect-inginerie-software-blonde-bears/actions/secrets/public-key {"message":"Not Found","documentation_url":"https://docs.github.com/rest/reference/actions#get-a-repository-public-key"}
[debug] [2022-12-15T22:43:30.392Z] >>> [apiv2][query] GET https://api.github.com/repos/inginerie-software-22-23/proiect-inginerie-software-blonde-bears/actions/secrets/public-key type=owner
[debug] [2022-12-15T22:43:30.711Z] <<< [apiv2][status] GET https://api.github.com/repos/inginerie-software-22-23/proiect-inginerie-software-blonde-bears/actions/secrets/public-key 404
[debug] [2022-12-15T22:43:30.711Z] <<< [apiv2][body] GET https://api.github.com/repos/inginerie-software-22-23/proiect-inginerie-software-blonde-bears/actions/secrets/public-key {"message":"Not Found","documentation_url":"https://docs.github.com/rest/reference/actions#get-a-repository-public-key"}
[debug] [2022-12-15T22:43:33.457Z] >>> [apiv2][query] GET https://api.github.com/repos/inginerie-software-22-23/proiect-inginerie-software-blonde-bears/actions/secrets/public-key type=owner
[debug] [2022-12-15T22:43:33.783Z] <<< [apiv2][status] GET https://api.github.com/repos/inginerie-software-22-23/proiect-inginerie-software-blonde-bears/actions/secrets/public-key 404
[debug] [2022-12-15T22:43:33.783Z] <<< [apiv2][body] GET https://api.github.com/repos/inginerie-software-22-23/proiect-inginerie-software-blonde-bears/actions/secrets/public-key {"message":"Not Found","documentation_url":"https://docs.github.com/rest/reference/actions#get-a-repository-public-key"}
[debug] [2022-12-15T22:44:13.491Z] >>> [apiv2][query] GET https://api.github.com/repos/inginerie-software-22-23/proiect-inginerie-software-blonde-bears/actions/secrets/public-key type=owner
[debug] [2022-12-15T22:44:13.822Z] <<< [apiv2][status] GET https://api.github.com/repos/inginerie-software-22-23/proiect-inginerie-software-blonde-bears/actions/secrets/public-key 404
[debug] [2022-12-15T22:44:13.822Z] <<< [apiv2][body] GET https://api.github.com/repos/inginerie-software-22-23/proiect-inginerie-software-blonde-bears/actions/secrets/public-key {"message":"Not Found","documentation_url":"https://docs.github.com/rest/reference/actions#get-a-repository-public-key"}
[debug] [2022-12-15T22:44:14.402Z] >>> [apiv2][query] GET https://api.github.com/repos/inginerie-software-22-23/proiect-inginerie-software-blonde-bears/actions/secrets/public-key type=owner
[debug] [2022-12-15T22:44:14.744Z] <<< [apiv2][status] GET https://api.github.com/repos/inginerie-software-22-23/proiect-inginerie-software-blonde-bears/actions/secrets/public-key 404
[debug] [2022-12-15T22:44:14.745Z] <<< [apiv2][body] GET https://api.github.com/repos/inginerie-software-22-23/proiect-inginerie-software-blonde-bears/actions/secrets/public-key {"message":"Not Found","documentation_url":"https://docs.github.com/rest/reference/actions#get-a-repository-public-key"}
[debug] [2022-12-15T22:44:15.321Z] >>> [apiv2][query] GET https://api.github.com/repos/inginerie-software-22-23/proiect-inginerie-software-blonde-bears/actions/secrets/public-key type=owner
[debug] [2022-12-15T22:44:15.666Z] <<< [apiv2][status] GET https://api.github.com/repos/inginerie-software-22-23/proiect-inginerie-software-blonde-bears/actions/secrets/public-key 404
[debug] [2022-12-15T22:44:15.666Z] <<< [apiv2][body] GET https://api.github.com/repos/inginerie-software-22-23/proiect-inginerie-software-blonde-bears/actions/secrets/public-key {"message":"Not Found","documentation_url":"https://docs.github.com/rest/reference/actions#get-a-repository-public-key"}
[debug] [2022-12-15T22:45:05.977Z] >>> [apiv2][query] GET https://api.github.com/repos/inginerie-software-22-23/actions/secrets/public-key type=owner
[debug] [2022-12-15T22:45:05.979Z] >>> [apiv2][query] GET https://api.github.com/repos///actions/secrets/public-key type=owner
[debug] [2022-12-15T22:45:06.254Z] <<< [apiv2][status] GET https://api.github.com/repos///actions/secrets/public-key 404
[debug] [2022-12-15T22:45:06.254Z] <<< [apiv2][body] GET https://api.github.com/repos///actions/secrets/public-key {"message":"Not Found","documentation_url":"https://docs.github.com/rest"}
[debug] [2022-12-15T22:45:06.255Z] <<< [apiv2][status] GET https://api.github.com/repos/inginerie-software-22-23/actions/secrets/public-key 404
[debug] [2022-12-15T22:45:06.255Z] <<< [apiv2][body] GET https://api.github.com/repos/inginerie-software-22-23/actions/secrets/public-key {"message":"Not Found","documentation_url":"https://docs.github.com/rest"}
[debug] [2022-12-15T22:45:07.564Z] >>> [apiv2][query] GET https://api.github.com/repos/proiect-inginerie-software-blonde-bears/inginerie-software-22-23/actions/secrets/public-key type=owner
[debug] [2022-12-15T22:45:07.891Z] <<< [apiv2][status] GET https://api.github.com/repos/proiect-inginerie-software-blonde-bears/inginerie-software-22-23/actions/secrets/public-key 404
[debug] [2022-12-15T22:45:07.892Z] <<< [apiv2][body] GET https://api.github.com/repos/proiect-inginerie-software-blonde-bears/inginerie-software-22-23/actions/secrets/public-key {"message":"Not Found","documentation_url":"https://docs.github.com/rest/reference/actions#get-a-repository-public-key"}
[debug] [2022-12-15T22:45:17.838Z] >>> [apiv2][query] GET https://api.github.com/repos/inginerie-software-22-23/proiect-inginerie-software-blonde-bears/actions/secrets/public-key type=owner
[debug] [2022-12-15T22:45:18.233Z] <<< [apiv2][status] GET https://api.github.com/repos/inginerie-software-22-23/proiect-inginerie-software-blonde-bears/actions/secrets/public-key 404
[debug] [2022-12-15T22:45:18.233Z] <<< [apiv2][body] GET https://api.github.com/repos/inginerie-software-22-23/proiect-inginerie-software-blonde-bears/actions/secrets/public-key {"message":"Not Found","documentation_url":"https://docs.github.com/rest/reference/actions#get-a-repository-public-key"}
[debug] [2022-12-15T22:45:18.327Z] >>> [apiv2][query] GET https://api.github.com/repos/inginerie-software-22-23/proiect-inginerie-software-blonde-bears/actions/secrets/public-key type=owner
[debug] [2022-12-15T22:45:18.642Z] <<< [apiv2][status] GET https://api.github.com/repos/inginerie-software-22-23/proiect-inginerie-software-blonde-bears/actions/secrets/public-key 404
[debug] [2022-12-15T22:45:18.643Z] <<< [apiv2][body] GET https://api.github.com/repos/inginerie-software-22-23/proiect-inginerie-software-blonde-bears/actions/secrets/public-key {"message":"Not Found","documentation_url":"https://docs.github.com/rest/reference/actions#get-a-repository-public-key"}
[debug] [2022-12-15T22:45:18.698Z] >>> [apiv2][query] GET https://api.github.com/repos/inginerie-software-22-23/proiect-inginerie-software-blonde-bears/actions/secrets/public-key type=owner
[debug] [2022-12-15T22:45:18.885Z] >>> [apiv2][query] GET https://api.github.com/repos/inginerie-software-22-23/proiect-inginerie-software-blonde-bears/actions/secrets/public-key type=owner
[debug] [2022-12-15T22:45:18.984Z] <<< [apiv2][status] GET https://api.github.com/repos/inginerie-software-22-23/proiect-inginerie-software-blonde-bears/actions/secrets/public-key 404
[debug] [2022-12-15T22:45:18.984Z] <<< [apiv2][body] GET https://api.github.com/repos/inginerie-software-22-23/proiect-inginerie-software-blonde-bears/actions/secrets/public-key {"message":"Not Found","documentation_url":"https://docs.github.com/rest/reference/actions#get-a-repository-public-key"}
[debug] [2022-12-15T22:45:19.082Z] >>> [apiv2][query] GET https://api.github.com/repos/inginerie-software-22-23/proiect-inginerie-software-blonde-bears/actions/secrets/public-key type=owner
[debug] [2022-12-15T22:45:19.170Z] <<< [apiv2][status] GET https://api.github.com/repos/inginerie-software-22-23/proiect-inginerie-software-blonde-bears/actions/secrets/public-key 404
[debug] [2022-12-15T22:45:19.170Z] <<< [apiv2][body] GET https://api.github.com/repos/inginerie-software-22-23/proiect-inginerie-software-blonde-bears/actions/secrets/public-key {"message":"Not Found","documentation_url":"https://docs.github.com/rest/reference/actions#get-a-repository-public-key"}
[debug] [2022-12-15T22:45:19.300Z] >>> [apiv2][query] GET https://api.github.com/repos/inginerie-software-22-23/proiect-inginerie-software-blonde-bears/actions/secrets/public-key type=owner
[debug] [2022-12-15T22:45:19.356Z] <<< [apiv2][status] GET https://api.github.com/repos/inginerie-software-22-23/proiect-inginerie-software-blonde-bears/actions/secrets/public-key 404
[debug] [2022-12-15T22:45:19.356Z] <<< [apiv2][body] GET https://api.github.com/repos/inginerie-software-22-23/proiect-inginerie-software-blonde-bears/actions/secrets/public-key {"message":"Not Found","documentation_url":"https://docs.github.com/rest/reference/actions#get-a-repository-public-key"}
[debug] [2022-12-15T22:45:19.666Z] <<< [apiv2][status] GET https://api.github.com/repos/inginerie-software-22-23/proiect-inginerie-software-blonde-bears/actions/secrets/public-key 404
[debug] [2022-12-15T22:45:19.666Z] <<< [apiv2][body] GET https://api.github.com/repos/inginerie-software-22-23/proiect-inginerie-software-blonde-bears/actions/secrets/public-key {"message":"Not Found","documentation_url":"https://docs.github.com/rest/reference/actions#get-a-repository-public-key"}
[debug] [2022-12-15T22:45:21.445Z] >>> [apiv2][query] GET https://api.github.com/repos/inginerie-software-22-23/proiect-inginerie-software-blonde-bearsinginerie-software-22-23/proiect-inginerie-software-blonde-bears/actions/secrets/public-key type=owner
[debug] [2022-12-15T22:45:21.634Z] >>> [apiv2][query] GET https://api.github.com/repos/inginerie-software-22-23/proiect-inginerie-software-blonde-bears/actions/secrets/public-key type=owner
[debug] [2022-12-15T22:45:21.727Z] <<< [apiv2][status] GET https://api.github.com/repos/inginerie-software-22-23/proiect-inginerie-software-blonde-bearsinginerie-software-22-23/proiect-inginerie-software-blonde-bears/actions/secrets/public-key 404
[debug] [2022-12-15T22:45:21.727Z] <<< [apiv2][body] GET https://api.github.com/repos/inginerie-software-22-23/proiect-inginerie-software-blonde-bearsinginerie-software-22-23/proiect-inginerie-software-blonde-bears/actions/secrets/public-key {"message":"Not Found","documentation_url":"https://docs.github.com/rest"}
[debug] [2022-12-15T22:45:22.022Z] <<< [apiv2][status] GET https://api.github.com/repos/inginerie-software-22-23/proiect-inginerie-software-blonde-bears/actions/secrets/public-key 404
[debug] [2022-12-15T22:45:22.022Z] <<< [apiv2][body] GET https://api.github.com/repos/inginerie-software-22-23/proiect-inginerie-software-blonde-bears/actions/secrets/public-key {"message":"Not Found","documentation_url":"https://docs.github.com/rest/reference/actions#get-a-repository-public-key"}
[debug] [2022-12-15T22:45:29.375Z] >>> [apiv2][query] GET https://api.github.com/repos/inginerie-software-22-23/proiect-inginerie-software-blonde-bears/actions/secrets/public-key type=owner
[debug] [2022-12-15T22:45:29.702Z] <<< [apiv2][status] GET https://api.github.com/repos/inginerie-software-22-23/proiect-inginerie-software-blonde-bears/actions/secrets/public-key 404
[debug] [2022-12-15T22:45:29.702Z] <<< [apiv2][body] GET https://api.github.com/repos/inginerie-software-22-23/proiect-inginerie-software-blonde-bears/actions/secrets/public-key {"message":"Not Found","documentation_url":"https://docs.github.com/rest/reference/actions#get-a-repository-public-key"}
[debug] [2022-12-15T22:48:25.799Z] >>> [apiv2][query] GET https://api.github.com/repos/inginerie-software-22-23/proiect-inginerie-software-blonde-bears/actions/secrets/public-key type=owner
[debug] [2022-12-15T22:48:26.140Z] <<< [apiv2][status] GET https://api.github.com/repos/inginerie-software-22-23/proiect-inginerie-software-blonde-bears/actions/secrets/public-key 404
[debug] [2022-12-15T22:48:26.140Z] <<< [apiv2][body] GET https://api.github.com/repos/inginerie-software-22-23/proiect-inginerie-software-blonde-bears/actions/secrets/public-key {"message":"Not Found","documentation_url":"https://docs.github.com/rest/reference/actions#get-a-repository-public-key"}
[debug] [2022-12-15T22:48:29.363Z] >>> [apiv2][query] GET https://api.github.com/repos/inginerie-software-22-23/proiect-inginerie-software-blonde-bears/actions/secrets/public-key type=owner
[debug] [2022-12-15T22:48:29.576Z] >>> [apiv2][query] GET https://api.github.com/repos/inginerie-software-22-23/proiect-inginerie-software-blonde-bears/actions/secrets/public-key type=owner
[debug] [2022-12-15T22:48:29.637Z] <<< [apiv2][status] GET https://api.github.com/repos/inginerie-software-22-23/proiect-inginerie-software-blonde-bears/actions/secrets/public-key 404
[debug] [2022-12-15T22:48:29.637Z] <<< [apiv2][body] GET https://api.github.com/repos/inginerie-software-22-23/proiect-inginerie-software-blonde-bears/actions/secrets/public-key {"message":"Not Found","documentation_url":"https://docs.github.com/rest/reference/actions#get-a-repository-public-key"}
[debug] [2022-12-15T22:48:29.751Z] >>> [apiv2][query] GET https://api.github.com/repos/inginerie-software-22-23/proiect-inginerie-software-blonde-bears/actions/secrets/public-key type=owner
[debug] [2022-12-15T22:48:29.848Z] <<< [apiv2][status] GET https://api.github.com/repos/inginerie-software-22-23/proiect-inginerie-software-blonde-bears/actions/secrets/public-key 404
[debug] [2022-12-15T22:48:29.848Z] <<< [apiv2][body] GET https://api.github.com/repos/inginerie-software-22-23/proiect-inginerie-software-blonde-bears/actions/secrets/public-key {"message":"Not Found","documentation_url":"https://docs.github.com/rest/reference/actions#get-a-repository-public-key"}
[debug] [2022-12-15T22:48:30.133Z] <<< [apiv2][status] GET https://api.github.com/repos/inginerie-software-22-23/proiect-inginerie-software-blonde-bears/actions/secrets/public-key 404
[debug] [2022-12-15T22:48:30.134Z] <<< [apiv2][body] GET https://api.github.com/repos/inginerie-software-22-23/proiect-inginerie-software-blonde-bears/actions/secrets/public-key {"message":"Not Found","documentation_url":"https://docs.github.com/rest/reference/actions#get-a-repository-public-key"}
[debug] [2022-12-15T22:48:30.325Z] >>> [apiv2][query] GET https://api.github.com/repos/inginerie-software-22-23/proiect-inginerie-software-blonde-bearsinginerie-software-22-23/proiect-inginerie-software-blonde-bears/actions/secrets/public-key type=owner
[debug] [2022-12-15T22:48:30.646Z] <<< [apiv2][status] GET https://api.github.com/repos/inginerie-software-22-23/proiect-inginerie-software-blonde-bearsinginerie-software-22-23/proiect-inginerie-software-blonde-bears/actions/secrets/public-key 404
[debug] [2022-12-15T22:48:30.646Z] <<< [apiv2][body] GET https://api.github.com/repos/inginerie-software-22-23/proiect-inginerie-software-blonde-bearsinginerie-software-22-23/proiect-inginerie-software-blonde-bears/actions/secrets/public-key {"message":"Not Found","documentation_url":"https://docs.github.com/rest"}
[debug] [2022-12-15T22:49:19.911Z] >>> [apiv2][query] GET https://api.github.com/repos/inginerie-software-22-23/proiect-inginerie-software-blonde-bears/actions/secrets/public-key type=owner
[debug] [2022-12-15T22:49:20.207Z] <<< [apiv2][status] GET https://api.github.com/repos/inginerie-software-22-23/proiect-inginerie-software-blonde-bears/actions/secrets/public-key 401
[debug] [2022-12-15T22:49:20.207Z] <<< [apiv2][body] GET https://api.github.com/repos/inginerie-software-22-23/proiect-inginerie-software-blonde-bears/actions/secrets/public-key {"message":"Bad credentials","documentation_url":"https://docs.github.com/rest"}
